<?xml version="1.0" encoding="UTF-8" ?>
<testsuites>
  <testsuite errors="0" failures="0" hostname="jburgess-laptop" id="0" name="InstallationStationReportWrapperTests" package="au.org.emii.aatams.report" tests="2" time="0.272" timestamp="2011-09-01T05:18:51">
      <properties />

      <testcase classname="au.org.emii.aatams.report.InstallationStationReportWrapperTests" name="testWrapper" time="0.268" />

      <testcase classname="au.org.emii.aatams.report.InstallationStationReportWrapperTests" name="testWrapperNullCurtainPos" time="0.0030" />

      <system-out><![CDATA[--Output from testWrapper--
--Output from testWrapperNullCurtainPos--
]]></system-out>

      <system-err><![CDATA[--Output from testWrapper--
--Output from testWrapperNullCurtainPos--
]]></system-err>

  </testsuite>
</testsuites>
