<?xml version="1.0" encoding="UTF-8" ?>
<testsuites>
  <testsuite errors="0" failures="0" hostname="jburgess-laptop" id="0" name="AnimalControllerTests" package="au.org.emii.aatams" tests="1" time="2.127" timestamp="2011-06-02T01:33:31">
      <properties />

      <testcase classname="au.org.emii.aatams.AnimalControllerTests" name="testSomething" time="2.064" />

      <system-out><![CDATA[--Output from testSomething--
]]></system-out>

      <system-err><![CDATA[--Output from testSomething--
]]></system-err>

  </testsuite>
  <testsuite errors="0" failures="0" hostname="jburgess-laptop" id="1" name="AnimalMeasurementControllerTests" package="au.org.emii.aatams" tests="1" time="0.094" timestamp="2011-06-02T01:33:33">
      <properties />

      <testcase classname="au.org.emii.aatams.AnimalMeasurementControllerTests" name="testSomething" time="0.09" />

      <system-out><![CDATA[--Output from testSomething--
]]></system-out>

      <system-err><![CDATA[--Output from testSomething--
]]></system-err>

  </testsuite>
  <testsuite errors="0" failures="0" hostname="jburgess-laptop" id="2" name="AnimalMeasurementTypeControllerTests" package="au.org.emii.aatams" tests="1" time="0.109" timestamp="2011-06-02T01:33:33">
      <properties />

      <testcase classname="au.org.emii.aatams.AnimalMeasurementTypeControllerTests" name="testSomething" time="0.104" />

      <system-out><![CDATA[--Output from testSomething--
]]></system-out>

      <system-err><![CDATA[--Output from testSomething--
]]></system-err>

  </testsuite>
  <testsuite errors="0" failures="0" hostname="jburgess-laptop" id="3" name="AnimalReleaseControllerTests" package="au.org.emii.aatams" tests="1" time="0.093" timestamp="2011-06-02T01:33:33">
      <properties />

      <testcase classname="au.org.emii.aatams.AnimalReleaseControllerTests" name="testSomething" time="0.087" />

      <system-out><![CDATA[--Output from testSomething--
]]></system-out>

      <system-err><![CDATA[--Output from testSomething--
]]></system-err>

  </testsuite>
  <testsuite errors="0" failures="0" hostname="jburgess-laptop" id="4" name="DetectionControllerTests" package="au.org.emii.aatams" tests="1" time="0.123" timestamp="2011-06-02T01:33:33">
      <properties />

      <testcase classname="au.org.emii.aatams.DetectionControllerTests" name="testSomething" time="0.118" />

      <system-out><![CDATA[--Output from testSomething--
]]></system-out>

      <system-err><![CDATA[--Output from testSomething--
]]></system-err>

  </testsuite>
  <testsuite errors="0" failures="0" hostname="jburgess-laptop" id="5" name="DeviceControllerTests" package="au.org.emii.aatams" tests="1" time="0.105" timestamp="2011-06-02T01:33:33">
      <properties />

      <testcase classname="au.org.emii.aatams.DeviceControllerTests" name="testSomething" time="0.1" />

      <system-out><![CDATA[--Output from testSomething--
]]></system-out>

      <system-err><![CDATA[--Output from testSomething--
]]></system-err>

  </testsuite>
  <testsuite errors="0" failures="0" hostname="jburgess-laptop" id="6" name="DeviceManufacturerControllerTests" package="au.org.emii.aatams" tests="1" time="0.831" timestamp="2011-06-02T01:33:33">
      <properties />

      <testcase classname="au.org.emii.aatams.DeviceManufacturerControllerTests" name="testSomething" time="0.826" />

      <system-out><![CDATA[--Output from testSomething--
]]></system-out>

      <system-err><![CDATA[--Output from testSomething--
]]></system-err>

  </testsuite>
  <testsuite errors="0" failures="0" hostname="jburgess-laptop" id="7" name="DeviceModelControllerTests" package="au.org.emii.aatams" tests="1" time="0.112" timestamp="2011-06-02T01:33:34">
      <properties />

      <testcase classname="au.org.emii.aatams.DeviceModelControllerTests" name="testSomething" time="0.105" />

      <system-out><![CDATA[--Output from testSomething--
]]></system-out>

      <system-err><![CDATA[--Output from testSomething--
]]></system-err>

  </testsuite>
  <testsuite errors="0" failures="0" hostname="jburgess-laptop" id="8" name="DeviceStatusControllerTests" package="au.org.emii.aatams" tests="1" time="0.119" timestamp="2011-06-02T01:33:34">
      <properties />

      <testcase classname="au.org.emii.aatams.DeviceStatusControllerTests" name="testSomething" time="0.107" />

      <system-out><![CDATA[--Output from testSomething--
]]></system-out>

      <system-err><![CDATA[--Output from testSomething--
]]></system-err>

  </testsuite>
  <testsuite errors="0" failures="0" hostname="jburgess-laptop" id="9" name="InstallationConfigurationControllerTests" package="au.org.emii.aatams" tests="1" time="0.099" timestamp="2011-06-02T01:33:34">
      <properties />

      <testcase classname="au.org.emii.aatams.InstallationConfigurationControllerTests" name="testSomething" time="0.095" />

      <system-out><![CDATA[--Output from testSomething--
]]></system-out>

      <system-err><![CDATA[--Output from testSomething--
]]></system-err>

  </testsuite>
  <testsuite errors="0" failures="0" hostname="jburgess-laptop" id="10" name="InstallationControllerTests" package="au.org.emii.aatams" tests="1" time="0.105" timestamp="2011-06-02T01:33:35">
      <properties />

      <testcase classname="au.org.emii.aatams.InstallationControllerTests" name="testSomething" time="0.098" />

      <system-out><![CDATA[--Output from testSomething--
]]></system-out>

      <system-err><![CDATA[--Output from testSomething--
]]></system-err>

  </testsuite>
  <testsuite errors="0" failures="0" hostname="jburgess-laptop" id="11" name="InstallationStationControllerTests" package="au.org.emii.aatams" tests="1" time="0.131" timestamp="2011-06-02T01:33:35">
      <properties />

      <testcase classname="au.org.emii.aatams.InstallationStationControllerTests" name="testSomething" time="0.125" />

      <system-out><![CDATA[--Output from testSomething--
]]></system-out>

      <system-err><![CDATA[--Output from testSomething--
]]></system-err>

  </testsuite>
  <testsuite errors="0" failures="0" hostname="jburgess-laptop" id="12" name="MeasurementUnitControllerTests" package="au.org.emii.aatams" tests="1" time="0.255" timestamp="2011-06-02T01:33:35">
      <properties />

      <testcase classname="au.org.emii.aatams.MeasurementUnitControllerTests" name="testSomething" time="0.249" />

      <system-out><![CDATA[--Output from testSomething--
]]></system-out>

      <system-err><![CDATA[--Output from testSomething--
]]></system-err>

  </testsuite>
  <testsuite errors="0" failures="0" hostname="jburgess-laptop" id="13" name="MooringTypeControllerTests" package="au.org.emii.aatams" tests="1" time="0.176" timestamp="2011-06-02T01:33:35">
      <properties />

      <testcase classname="au.org.emii.aatams.MooringTypeControllerTests" name="testSomething" time="0.171" />

      <system-out><![CDATA[--Output from testSomething--
]]></system-out>

      <system-err><![CDATA[--Output from testSomething--
]]></system-err>

  </testsuite>
  <testsuite errors="0" failures="0" hostname="jburgess-laptop" id="14" name="OrganisationControllerTests" package="au.org.emii.aatams" tests="1" time="0.31" timestamp="2011-06-02T01:33:35">
      <properties />

      <testcase classname="au.org.emii.aatams.OrganisationControllerTests" name="testSomething" time="0.222" />

      <system-out><![CDATA[--Output from testSomething--
]]></system-out>

      <system-err><![CDATA[--Output from testSomething--
]]></system-err>

  </testsuite>
  <testsuite errors="0" failures="0" hostname="jburgess-laptop" id="15" name="OrganisationPersonControllerTests" package="au.org.emii.aatams" tests="1" time="0.212" timestamp="2011-06-02T01:33:36">
      <properties />

      <testcase classname="au.org.emii.aatams.OrganisationPersonControllerTests" name="testSomething" time="0.206" />

      <system-out><![CDATA[--Output from testSomething--
]]></system-out>

      <system-err><![CDATA[--Output from testSomething--
]]></system-err>

  </testsuite>
  <testsuite errors="0" failures="0" hostname="jburgess-laptop" id="16" name="OrganisationProjectControllerTests" package="au.org.emii.aatams" tests="1" time="0.266" timestamp="2011-06-02T01:33:36">
      <properties />

      <testcase classname="au.org.emii.aatams.OrganisationProjectControllerTests" name="testSomething" time="0.256" />

      <system-out><![CDATA[--Output from testSomething--
]]></system-out>

      <system-err><![CDATA[--Output from testSomething--
]]></system-err>

  </testsuite>
  <testsuite errors="0" failures="0" hostname="jburgess-laptop" id="17" name="PersonControllerTests" package="au.org.emii.aatams" tests="1" time="0.225" timestamp="2011-06-02T01:33:36">
      <properties />

      <testcase classname="au.org.emii.aatams.PersonControllerTests" name="testSomething" time="0.219" />

      <system-out><![CDATA[--Output from testSomething--
]]></system-out>

      <system-err><![CDATA[--Output from testSomething--
]]></system-err>

  </testsuite>
  <testsuite errors="0" failures="0" hostname="jburgess-laptop" id="18" name="ProjectControllerTests" package="au.org.emii.aatams" tests="1" time="0.183" timestamp="2011-06-02T01:33:36">
      <properties />

      <testcase classname="au.org.emii.aatams.ProjectControllerTests" name="testSomething" time="0.178" />

      <system-out><![CDATA[--Output from testSomething--
]]></system-out>

      <system-err><![CDATA[--Output from testSomething--
]]></system-err>

  </testsuite>
  <testsuite errors="0" failures="0" hostname="jburgess-laptop" id="19" name="ProjectRoleControllerTests" package="au.org.emii.aatams" tests="1" time="0.141" timestamp="2011-06-02T01:33:37">
      <properties />

      <testcase classname="au.org.emii.aatams.ProjectRoleControllerTests" name="testSomething" time="0.136" />

      <system-out><![CDATA[--Output from testSomething--
]]></system-out>

      <system-err><![CDATA[--Output from testSomething--
]]></system-err>

  </testsuite>
  <testsuite errors="0" failures="0" hostname="jburgess-laptop" id="20" name="ProjectRoleTypeControllerTests" package="au.org.emii.aatams" tests="1" time="0.139" timestamp="2011-06-02T01:33:37">
      <properties />

      <testcase classname="au.org.emii.aatams.ProjectRoleTypeControllerTests" name="testSomething" time="0.134" />

      <system-out><![CDATA[--Output from testSomething--
]]></system-out>

      <system-err><![CDATA[--Output from testSomething--
]]></system-err>

  </testsuite>
  <testsuite errors="0" failures="0" hostname="jburgess-laptop" id="21" name="ReceiverControllerTests" package="au.org.emii.aatams" tests="1" time="0.224" timestamp="2011-06-02T01:33:37">
      <properties />

      <testcase classname="au.org.emii.aatams.ReceiverControllerTests" name="testSomething" time="0.206" />

      <system-out><![CDATA[--Output from testSomething--
]]></system-out>

      <system-err><![CDATA[--Output from testSomething--
]]></system-err>

  </testsuite>
  <testsuite errors="0" failures="0" hostname="jburgess-laptop" id="22" name="ReceiverDeploymentControllerTests" package="au.org.emii.aatams" tests="1" time="0.199" timestamp="2011-06-02T01:33:37">
      <properties />

      <testcase classname="au.org.emii.aatams.ReceiverDeploymentControllerTests" name="testSomething" time="0.184" />

      <system-out><![CDATA[--Output from testSomething--
]]></system-out>

      <system-err><![CDATA[--Output from testSomething--
]]></system-err>

  </testsuite>
  <testsuite errors="0" failures="0" hostname="jburgess-laptop" id="23" name="ReceiverDownloadControllerTests" package="au.org.emii.aatams" tests="1" time="0.134" timestamp="2011-06-02T01:33:37">
      <properties />

      <testcase classname="au.org.emii.aatams.ReceiverDownloadControllerTests" name="testSomething" time="0.118" />

      <system-out><![CDATA[--Output from testSomething--
]]></system-out>

      <system-err><![CDATA[--Output from testSomething--
]]></system-err>

  </testsuite>
  <testsuite errors="0" failures="0" hostname="jburgess-laptop" id="24" name="ReceiverDownloadFileControllerTests" package="au.org.emii.aatams" tests="1" time="0.18" timestamp="2011-06-02T01:33:37">
      <properties />

      <testcase classname="au.org.emii.aatams.ReceiverDownloadFileControllerTests" name="testSomething" time="0.177" />

      <system-out><![CDATA[--Output from testSomething--
]]></system-out>

      <system-err><![CDATA[--Output from testSomething--
]]></system-err>

  </testsuite>
  <testsuite errors="0" failures="0" hostname="jburgess-laptop" id="25" name="ReceiverRecoveryControllerTests" package="au.org.emii.aatams" tests="1" time="0.146" timestamp="2011-06-02T01:33:38">
      <properties />

      <testcase classname="au.org.emii.aatams.ReceiverRecoveryControllerTests" name="testSomething" time="0.143" />

      <system-out><![CDATA[--Output from testSomething--
]]></system-out>

      <system-err><![CDATA[--Output from testSomething--
]]></system-err>

  </testsuite>
  <testsuite errors="0" failures="0" hostname="jburgess-laptop" id="26" name="SensorControllerTests" package="au.org.emii.aatams" tests="1" time="0.13" timestamp="2011-06-02T01:33:38">
      <properties />

      <testcase classname="au.org.emii.aatams.SensorControllerTests" name="testSomething" time="0.11" />

      <system-out><![CDATA[--Output from testSomething--
]]></system-out>

      <system-err><![CDATA[--Output from testSomething--
]]></system-err>

  </testsuite>
  <testsuite errors="0" failures="0" hostname="jburgess-laptop" id="27" name="SensorDetectionControllerTests" package="au.org.emii.aatams" tests="1" time="0.169" timestamp="2011-06-02T01:33:38">
      <properties />

      <testcase classname="au.org.emii.aatams.SensorDetectionControllerTests" name="testSomething" time="0.165" />

      <system-out><![CDATA[--Output from testSomething--
]]></system-out>

      <system-err><![CDATA[--Output from testSomething--
]]></system-err>

  </testsuite>
  <testsuite errors="0" failures="0" hostname="jburgess-laptop" id="28" name="SexControllerTests" package="au.org.emii.aatams" tests="1" time="0.182" timestamp="2011-06-02T01:33:38">
      <properties />

      <testcase classname="au.org.emii.aatams.SexControllerTests" name="testSomething" time="0.177" />

      <system-out><![CDATA[--Output from testSomething--
]]></system-out>

      <system-err><![CDATA[--Output from testSomething--
]]></system-err>

  </testsuite>
  <testsuite errors="0" failures="0" hostname="jburgess-laptop" id="29" name="SurgeryControllerTests" package="au.org.emii.aatams" tests="1" time="0.133" timestamp="2011-06-02T01:33:38">
      <properties />

      <testcase classname="au.org.emii.aatams.SurgeryControllerTests" name="testSomething" time="0.128" />

      <system-out><![CDATA[--Output from testSomething--
]]></system-out>

      <system-err><![CDATA[--Output from testSomething--
]]></system-err>

  </testsuite>
  <testsuite errors="0" failures="0" hostname="jburgess-laptop" id="30" name="SurgeryTreatmentTypeControllerTests" package="au.org.emii.aatams" tests="1" time="0.19" timestamp="2011-06-02T01:33:38">
      <properties />

      <testcase classname="au.org.emii.aatams.SurgeryTreatmentTypeControllerTests" name="testSomething" time="0.187" />

      <system-out><![CDATA[--Output from testSomething--
]]></system-out>

      <system-err><![CDATA[--Output from testSomething--
]]></system-err>

  </testsuite>
  <testsuite errors="0" failures="0" hostname="jburgess-laptop" id="31" name="SurgeryTypeControllerTests" package="au.org.emii.aatams" tests="1" time="0.156" timestamp="2011-06-02T01:33:39">
      <properties />

      <testcase classname="au.org.emii.aatams.SurgeryTypeControllerTests" name="testSomething" time="0.153" />

      <system-out><![CDATA[--Output from testSomething--
]]></system-out>

      <system-err><![CDATA[--Output from testSomething--
]]></system-err>

  </testsuite>
  <testsuite errors="0" failures="0" hostname="jburgess-laptop" id="32" name="SystemRoleControllerTests" package="au.org.emii.aatams" tests="1" time="0.195" timestamp="2011-06-02T01:33:39">
      <properties />

      <testcase classname="au.org.emii.aatams.SystemRoleControllerTests" name="testSomething" time="0.193" />

      <system-out><![CDATA[--Output from testSomething--
]]></system-out>

      <system-err><![CDATA[--Output from testSomething--
]]></system-err>

  </testsuite>
  <testsuite errors="0" failures="0" hostname="jburgess-laptop" id="33" name="SystemRoleTypeControllerTests" package="au.org.emii.aatams" tests="1" time="0.156" timestamp="2011-06-02T01:33:39">
      <properties />

      <testcase classname="au.org.emii.aatams.SystemRoleTypeControllerTests" name="testSomething" time="0.153" />

      <system-out><![CDATA[--Output from testSomething--
]]></system-out>

      <system-err><![CDATA[--Output from testSomething--
]]></system-err>

  </testsuite>
  <testsuite errors="0" failures="0" hostname="jburgess-laptop" id="34" name="TagControllerTests" package="au.org.emii.aatams" tests="1" time="0.175" timestamp="2011-06-02T01:33:39">
      <properties />

      <testcase classname="au.org.emii.aatams.TagControllerTests" name="testSomething" time="0.173" />

      <system-out><![CDATA[--Output from testSomething--
]]></system-out>

      <system-err><![CDATA[--Output from testSomething--
]]></system-err>

  </testsuite>
  <testsuite errors="0" failures="0" hostname="jburgess-laptop" id="35" name="TransmitterTypeControllerTests" package="au.org.emii.aatams" tests="1" time="0.199" timestamp="2011-06-02T01:33:39">
      <properties />

      <testcase classname="au.org.emii.aatams.TransmitterTypeControllerTests" name="testSomething" time="0.197" />

      <system-out><![CDATA[--Output from testSomething--
]]></system-out>

      <system-err><![CDATA[--Output from testSomething--
]]></system-err>

  </testsuite>
  <testsuite errors="0" failures="0" hostname="jburgess-laptop" id="36" name="UFileControllerTests" package="com.lucastex.grails.fileuploader" tests="1" time="0.258" timestamp="2011-06-02T01:33:40">
      <properties />

      <testcase classname="com.lucastex.grails.fileuploader.UFileControllerTests" name="testSomething" time="0.255" />

      <system-out><![CDATA[--Output from testSomething--
]]></system-out>

      <system-err><![CDATA[--Output from testSomething--
]]></system-err>

  </testsuite>
</testsuites>
