<?xml version="1.0" encoding="UTF-8" ?>
<testsuites>
  <testsuite errors="0" failures="0" hostname="jburgess-laptop" id="0" name="SurgeryTests" package="au.org.emii.aatams" tests="1" time="1.199" timestamp="2011-06-22T00:33:01">
      <properties />

      <testcase classname="au.org.emii.aatams.SurgeryTests" name="testTagDeployedOnSurgery" time="1.149" />

      <system-out><![CDATA[--Output from testTagDeployedOnSurgery--
]]></system-out>

      <system-err><![CDATA[--Output from testTagDeployedOnSurgery--
]]></system-err>

  </testsuite>
</testsuites>
